This is pdfeTeX, Version 3.141592-1.21a-2.2 (Web2C 7.5.4) (format=pdflatex 2010.3.3)  3 MAR 2010 10:37
entering extended mode
**jcheminf_article.tex
(./jcheminf_article.tex
LaTeX2e <2003/12/01>
Babel <v3.8d> and hyphenation patterns for american, french, german, ngerman, b
ahasa, basque, bulgarian, catalan, croatian, czech, danish, dutch, esperanto, e
stonian, finnish, greek, icelandic, irish, italian, latin, magyar, norsk, polis
h, portuges, romanian, russian, serbian, slovak, slovene, spanish, swedish, tur
kish, ukrainian, nohyphenation, loaded.
(./jcheminf_article.cls
Document Class: jcheminf_article 2003/09/01 v1.01 BioMed Central article class
(/usr/share/texmf/tex/latex/base/article.cls
Document Class: article 2004/02/16 v1.4f Standard LaTeX document class
(/usr/share/texmf/tex/latex/base/size10.clo
File: size10.clo 2004/02/16 v1.4f Standard LaTeX file (size option)
)
\c@part=\count79
\c@section=\count80
\c@subsection=\count81
\c@subsubsection=\count82
\c@paragraph=\count83
\c@subparagraph=\count84
\c@figure=\count85
\c@table=\count86
\abovecaptionskip=\skip41
\belowcaptionskip=\skip42
\bibindent=\dimen102
)
\c@bmc@correspondingauthor=\count87
\c@bmc@emailcounter=\count88
)
(/usr/share/texmf/tex/latex/cite/cite.sty
LaTeX Info: Redefining \cite on input line 149.
LaTeX Info: Redefining \nocite on input line 214.
Package: cite 2003/11/04  v 4.01
)
(/usr/share/texmf/tex/latex/url/url.sty
\Urlmuskip=\muskip10
Package: url 2004/03/15  ver 3.1  Verb mode for urls, etc.
)
(/usr/share/texmf/tex/latex/base/ifthen.sty
Package: ifthen 2001/05/26 v1.1c Standard LaTeX ifthen package (DPC)
)
(/usr/share/texmf/tex/latex/tools/multicol.sty
Package: multicol 2004/02/14 v1.6e multicolumn formatting (FMi)
\c@tracingmulticols=\count89
\mult@box=\box26
\multicol@leftmargin=\dimen103
\c@unbalance=\count90
\c@collectmore=\count91
\doublecol@number=\count92
\multicoltolerance=\count93
\multicolpretolerance=\count94
\full@width=\dimen104
\page@free=\dimen105
\premulticols=\dimen106
\postmulticols=\dimen107
\multicolsep=\skip43
\multicolbaselineskip=\skip44
\partial@page=\box27
\last@line=\box28
\mult@rightbox=\box29
\mult@grightbox=\box30
\mult@gfirstbox=\box31
\mult@firstbox=\box32
\@tempa=\box33
\@tempa=\box34
\@tempa=\box35
\@tempa=\box36
\@tempa=\box37
\@tempa=\box38
\@tempa=\box39
\@tempa=\box40
\@tempa=\box41
\@tempa=\box42
\@tempa=\box43
\@tempa=\box44
\@tempa=\box45
\@tempa=\box46
\@tempa=\box47
\@tempa=\box48
\@tempa=\box49
\c@columnbadness=\count95
\c@finalcolumnbadness=\count96
\last@try=\dimen108
\multicolovershoot=\dimen109
\multicolundershoot=\dimen110
\mult@nat@firstbox=\box50
\colbreak@box=\box51
)
(/usr/share/texmf/tex/latex/lineno/lineno.sty
Package: lineno 2005/01/10 line numbers on paragraphs v4.1c
\linenopenalty=\count97
\output=\toks14
\linenoprevgraf=\count98
\linenumbersep=\dimen111
\linenumberwidth=\dimen112
\c@linenumber=\count99
\c@pagewiselinenumber=\count100
\n@LN@truepage=\count101
\c@linenumbermodulo=\count102
\c@internallinenumber=\count103
\c@internallinenumbers=\count104
\quotelinenumbersep=\dimen113
\bframerule=\dimen114
\bframesep=\dimen115
\bframebox=\box52
LaTeX Info: Redefining \\ on input line 2405.
)
(/usr/share/texmf/tex/latex/graphics/color.sty
Package: color 1999/02/16 v1.0i Standard LaTeX Color (DPC)

(/usr/share/texmf/tex/latex/graphics/color.cfg
File: color.cfg 2005/02/03 v1.3 color configuration of teTeX/TeXLive
)
Package color Info: Driver file: pdftex.def on input line 125.

(/usr/share/texmf/tex/latex/graphics/pdftex.def
File: pdftex.def 2002/06/19 v0.03k graphics/color for pdftex
\Gread@gobject=\count105
))
(/usr/share/texmf/tex/latex/fancyvrb/fancyvrb.sty
Package: fancyvrb 1998/07/17

Style option: `fancyvrb' v2.6, with DG/SPQR fixes <1998/07/17> (tvz)
(/usr/share/texmf/tex/latex/graphics/keyval.sty
Package: keyval 1999/03/16 v1.13 key=value parser (DPC)
\KV@toks@=\toks15
)
\FV@CodeLineNo=\count106
\FV@InFile=\read1
\FV@TabBox=\box53
\c@FancyVerbLine=\count107
\FV@StepNumber=\count108
\FV@OutFile=\write3

No file fancyvrb.cfg.
) (/usr/share/texmf/tex/latex/graphics/graphicx.sty
Package: graphicx 1999/02/16 v1.0f Enhanced LaTeX Graphics (DPC,SPQR)

(/usr/share/texmf/tex/latex/graphics/graphics.sty
Package: graphics 2001/07/07 v1.0n Standard LaTeX Graphics (DPC,SPQR)

(/usr/share/texmf/tex/latex/graphics/trig.sty
Package: trig 1999/03/16 v1.09 sin cos tan (DPC)
)
(/usr/share/texmf/tex/latex/graphics/graphics.cfg
File: graphics.cfg 2005/02/03 v1.3 graphics configuration of teTeX/TeXLive
)
Package graphics Info: Driver file: pdftex.def on input line 80.
)
\Gin@req@height=\dimen116
\Gin@req@width=\dimen117
)
(/usr/share/texmf/tex/latex/base/inputenc.sty
Package: inputenc 2004/02/05 v1.0d Input encoding file

(/usr/share/texmf/tex/latex/base/latin1.def
File: latin1.def 2004/02/05 v1.0d Input encoding file
)) (./jcheminf_article.aux)
\openout1 = `jcheminf_article.aux'.

LaTeX Font Info:    Checking defaults for OML/cmm/m/it on input line 115.
LaTeX Font Info:    ... okay on input line 115.
LaTeX Font Info:    Checking defaults for T1/cmr/m/n on input line 115.
LaTeX Font Info:    ... okay on input line 115.
LaTeX Font Info:    Checking defaults for OT1/cmr/m/n on input line 115.
LaTeX Font Info:    ... okay on input line 115.
LaTeX Font Info:    Checking defaults for OMS/cmsy/m/n on input line 115.
LaTeX Font Info:    ... okay on input line 115.
LaTeX Font Info:    Checking defaults for OMX/cmex/m/n on input line 115.
LaTeX Font Info:    ... okay on input line 115.
LaTeX Font Info:    Checking defaults for U/cmr/m/n on input line 115.
LaTeX Font Info:    ... okay on input line 115.

(/usr/share/texmf/tex/context/base/supp-pdf.tex
(/usr/share/texmf/tex/context/base/supp-mis.tex
loading : Context Support Macros / Miscellaneous (2004.10.26)
\protectiondepth=\count109
\scratchcounter=\count110
\scratchtoks=\toks16
\scratchdimen=\dimen118
\scratchskip=\skip45
\scratchmuskip=\muskip11
\scratchbox=\box54
\scratchread=\read2
\scratchwrite=\write4
\zeropoint=\dimen119
\onepoint=\dimen120
\onebasepoint=\dimen121
\minusone=\count111
\thousandpoint=\dimen122
\onerealpoint=\dimen123
\emptytoks=\toks17
\nextbox=\box55
\nextdepth=\dimen124
\everyline=\toks18
\!!counta=\count112
\!!countb=\count113
\recursecounter=\count114
)
loading : Context Support Macros / PDF (2004.03.26)
\nofMPsegments=\count115
\nofMParguments=\count116
\MPscratchCnt=\count117
\MPscratchDim=\dimen125
\MPnumerator=\count118
\everyMPtoPDFconversion=\toks19
)
LaTeX Font Info:    External font `cmex10' loaded for size
(Font)              <12> on input line 162.
LaTeX Font Info:    External font `cmex10' loaded for size
(Font)              <8> on input line 162.
LaTeX Font Info:    External font `cmex10' loaded for size
(Font)              <6> on input line 162.
LaTeX Font Info:    External font `cmex10' loaded for size
(Font)              <5> on input line 162.
LaTeX Font Info:    External font `cmex10' loaded for size
(Font)              <7> on input line 162.

Overfull \hbox (9.99998pt too wide) in paragraph at lines 162--162
[]  
 []

LaTeX Font Info:    Try loading font information for OMS+cmr on input line 228.

(/usr/share/texmf/tex/latex/base/omscmr.fd
File: omscmr.fd 1999/05/25 v2.5h Standard LaTeX font definitions
)
LaTeX Font Info:    Font shape `OMS/cmr/m/n' in size <10> not available
(Font)              Font shape `OMS/cmsy/m/n' tried instead on input line 228.

Underfull \hbox (badness 10000) in paragraph at lines 232--233
[]\OT1/cmr/m/n/10 fastest im-ple-men-ta-tions of sub-struc-ture
 []

[1

{/usr/share/texmf-var/fonts/map/pdftex/updmap/pdftex.map}]
(./jcheminf_article.bbl [2]
Underfull \hbox (badness 10000) in paragraph at lines 52--54
[]\OT1/cmr/bx/n/8 The PGChem project\OT1/cmr/m/n/8 . $\OT1/cmr/m/it/8 http : / 
/ pgfoundry . org /
 []

) [3] [4] (./jcheminf_article.aux) ) 
Here is how much of TeX's memory you used:
 1894 strings out of 94500
 25056 string characters out of 1176767
 81464 words of memory out of 1000000
 5063 multiletter control sequences out of 10000+50000
 10051 words of font info for 35 fonts, out of 500000 for 2000
 580 hyphenation exceptions out of 1000
 29i,5n,21p,888b,485s stack positions out of 1500i,500n,5000p,200000b,5000s
PDF statistics:
 52 PDF objects out of 300000
 0 named destinations out of 131072
 1 words of extra memory for PDF output out of 65536
</usr/share/texmf/fonts/type1/bluesky/cm/cm
ti8.pfb></usr/share/texmf/fonts/type1/bluesky/cm/cmbx8.pfb></usr/share/texmf/fo
nts/type1/bluesky/cm/cmr9.pfb></usr/share/texmf/fonts/type1/bluesky/cm/cmsy10.p
fb></usr/share/texmf/fonts/type1/bluesky/cm/cmr10.pfb></usr/share/texmf/fonts/t
ype1/bluesky/cm/cmss10.pfb></usr/share/texmf/fonts/type1/bluesky/cm/cmsy6.pfb><
/usr/share/texmf/fonts/type1/bluesky/cm/cmss8.pfb></usr/share/texmf/fonts/type1
/bluesky/cm/cmr6.pfb></usr/share/texmf/fonts/type1/bluesky/cm/cmr8.pfb></usr/sh
are/texmf/fonts/type1/bluesky/cm/cmsy8.pfb></usr/share/texmf/fonts/type1/bluesk
y/cm/cmss12.pfb></usr/share/texmf/fonts/type1/bluesky/cm/cmssbx10.pfb>
Output written on jcheminf_article.pdf (4 pages, 97921 bytes).
